===== Debug started at 2025-04-28 17:10:17 =====
SESSION:
Array
(
)

Checking database connection...
Connection successful
Checking users table structure...
Table structure:
Array
(
    [0] => Array
        (
            [Field] => id
            [Type] => int(11)
            [Null] => NO
            [Key] => PRI
            [Default] => 
            [Extra] => auto_increment
        )

    [1] => Array
        (
            [Field] => name
            [Type] => varchar(100)
            [Null] => NO
            [Key] => 
            [Default] => 
            [Extra] => 
        )

    [2] => Array
        (
            [Field] => phone
            [Type] => varchar(15)
            [Null] => NO
            [Key] => UNI
            [Default] => 
            [Extra] => 
        )

    [3] => Array
        (
            [Field] => password
            [Type] => varchar(255)
            [Null] => NO
            [Key] => 
            [Default] => 
            [Extra] => 
        )

    [4] => Array
        (
            [Field] => favorite_number
            [Type] => int(11)
            [Null] => YES
            [Key] => 
            [Default] => 
            [Extra] => 
        )

    [5] => Array
        (
            [Field] => role
            [Type] => enum('user','admin')
            [Null] => YES
            [Key] => 
            [Default] => user
            [Extra] => 
        )

    [6] => Array
        (
            [Field] => created_at
            [Type] => timestamp
            [Null] => NO
            [Key] => 
            [Default] => current_timestamp()
            [Extra] => 
        )

    [7] => Array
        (
            [Field] => updated_at
            [Type] => timestamp
            [Null] => NO
            [Key] => 
            [Default] => current_timestamp()
            [Extra] => on update current_timestamp()
        )

)

Attempting to retrieve admin user...
Admin user:
Array
(
    [id] => 1
    [name] => ADITYA
    [phone] => 9148074307
    [password] => [REDACTED]
    [favorite_number] => 
    [role] => admin
    [created_at] => 2025-04-26 11:01:50
    [updated_at] => 2025-04-26 11:02:08
)

===== Debug finished at 2025-04-28 17:10:17 =====

