[19-Apr-2025 04:39:09 Europe/Berlin] Emergency request received
[19-Apr-2025 04:39:09 Europe/Berlin] POST data: Array
(
    [name] => Joel Castro
    [phone] => +1 (658) 622-4777
    [location] => Do molestiae est vol
    [issue] => Reprehenderit nesci
    [urgency] => Bleeding
)

[19-Apr-2025 04:39:09 Europe/Berlin] Raw input: 
[19-Apr-2025 04:40:21 Europe/Berlin] Emergency request received
[19-Apr-2025 04:40:21 Europe/Berlin] POST data: Array
(
    [name] => Ezekiel Rodgers
    [phone] => +1 (717) 424-4631
    [location] => Nulla obcaecati quib
    [issue] => Asperiores a sit dol
    [urgency] => Severe Pain
)

[19-Apr-2025 04:40:21 Europe/Berlin] Raw input: 
[26-Apr-2025 09:19:03 Europe/Berlin] Emergency request received
[26-Apr-2025 09:19:03 Europe/Berlin] POST data: Array
(
    [name] => Aditya patil 
    [phone] => 9148074307
    [location] => IIT bombay
    [issue] => ftyfythg
    [urgency] => Swelling
)

[26-Apr-2025 09:19:03 Europe/Berlin] Raw input: 
[26-Apr-2025 09:19:06 Europe/Berlin] Emergency request received
[26-Apr-2025 09:19:06 Europe/Berlin] POST data: Array
(
    [name] => Aditya patil 
    [phone] => 9148074307
    [location] => IIT bombay
    [issue] => ftyfythg
    [urgency] => Swelling
)

[26-Apr-2025 09:19:06 Europe/Berlin] Raw input: 
[26-Apr-2025 09:19:11 Europe/Berlin] Emergency request received
[26-Apr-2025 09:19:11 Europe/Berlin] POST data: Array
(
    [name] => Aditya patil 
    [phone] => 9148074307
    [location] => IIT bombay
    [issue] => ftyfythg
    [urgency] => Swelling
)

[26-Apr-2025 09:19:11 Europe/Berlin] Raw input: 
[26-Apr-2025 09:19:13 Europe/Berlin] Emergency request received
[26-Apr-2025 09:19:13 Europe/Berlin] POST data: Array
(
    [name] => Aditya patil 
    [phone] => 9148074307
    [location] => IIT bombay
    [issue] => ftyfythg
    [urgency] => Swelling
)

[26-Apr-2025 09:19:13 Europe/Berlin] Raw input: 
[26-Apr-2025 09:19:17 Europe/Berlin] Emergency request received
[26-Apr-2025 09:19:17 Europe/Berlin] POST data: Array
(
    [name] => Aditya patil 
    [phone] => 9148074307
    [location] => IIT bombay
    [issue] => ftyfythg
    [urgency] => Swelling
)

[26-Apr-2025 09:19:17 Europe/Berlin] Raw input: 
[26-Apr-2025 09:19:23 Europe/Berlin] Emergency request received
[26-Apr-2025 09:19:23 Europe/Berlin] POST data: Array
(
    [name] => Aditya patil 
    [phone] => 9148074307
    [location] => IIT bombay
    [issue] => ftyfythg
    [urgency] => Swelling
)

[26-Apr-2025 09:19:23 Europe/Berlin] Raw input: 
[26-Apr-2025 09:19:35 Europe/Berlin] Emergency request received
[26-Apr-2025 09:19:35 Europe/Berlin] POST data: Array
(
    [name] => Aditya patil 
    [phone] => 9148074307
    [location] => IIT bombay
    [issue] => ftyfythg
    [urgency] => Swelling
)

[26-Apr-2025 09:19:35 Europe/Berlin] Raw input: 
[26-Apr-2025 09:20:25 Europe/Berlin] Emergency request received
[26-Apr-2025 09:20:25 Europe/Berlin] POST data: Array
(
    [name] => Aditya patil 
    [phone] => 9148074307
    [location] => IIT bombay
    [issue] => his name is asitya patil
    [urgency] => Swelling
)

[26-Apr-2025 09:20:25 Europe/Berlin] Raw input: 
[28-Apr-2025 16:12:37 Europe/Berlin] Emergency request received
[28-Apr-2025 16:12:37 Europe/Berlin] POST data: Array
(
    [name] => Sylvester Watson
    [phone] => +1 (982) 802-1624
    [location] => Recusandae Mollitia
    [issue] => Vel excepteur praese
    [urgency] => Bleeding
)

[28-Apr-2025 16:12:37 Europe/Berlin] Raw input: 
[28-Apr-2025 16:19:45 Europe/Berlin] Emergency request received
[28-Apr-2025 16:19:45 Europe/Berlin] POST data: Array
(
    [name] => Allistair Osborne
    [phone] => +1 (664) 809-5655
    [location] => Sunt explicabo Dol
    [issue] => Aut dolore voluptate
    [urgency] => Swelling
)

[28-Apr-2025 16:19:45 Europe/Berlin] Raw input: 
[28-Apr-2025 16:40:40 Europe/Berlin] Emergency request received
[28-Apr-2025 16:40:40 Europe/Berlin] POST data: Array
(
    [name] => ADITYA 007
    [phone] => +1 (608) 397-7931
    [location] => Consectetur eius tem
    [issue] => In tempora cumque et
    [urgency] => Swelling
)

[28-Apr-2025 16:40:40 Europe/Berlin] Raw input: 
[04-May-2025 07:13:59 Europe/Berlin] Emergency request received
[04-May-2025 07:13:59 Europe/Berlin] POST data: Array
(
    [name] => Noelle David
    [phone] => +1 (875) 184-6967
    [location] => Cupiditate autem eiu
    [issue] => Est ad rem aut est a
    [urgency] => Severe Pain
)

[04-May-2025 07:13:59 Europe/Berlin] Raw input: 
[04-May-2025 07:14:09 Europe/Berlin] Emergency request received
[04-May-2025 07:14:09 Europe/Berlin] POST data: Array
(
    [name] => Claire Francis
    [phone] => +1 (883) 843-7432
    [location] => Est voluptates archi
    [issue] => Qui do asperiores id
    [urgency] => Severe Pain
)

[04-May-2025 07:14:09 Europe/Berlin] Raw input: 
[04-May-2025 07:22:04 Europe/Berlin] Emergency request received
[04-May-2025 07:22:04 Europe/Berlin] POST data: Array
(
    [name] => Lane Kelley
    [phone] => +1 (362) 737-5196
    [location] => Officia eius amet i
    [issue] => Rerum itaque qui ver
    [urgency] => Bleeding
)

[04-May-2025 07:22:04 Europe/Berlin] Raw input: 
[09-May-2025 14:02:54 Europe/Berlin] Emergency request received
[09-May-2025 14:02:54 Europe/Berlin] POST data: Array
(
    [name] => Clementine Joseph
    [phone] => 9148074307
    [location] => Obcaecati distinctio
    [issue] => Aliqua Saepe qui ve
    [urgency] => Bleeding
)

[09-May-2025 14:02:54 Europe/Berlin] Raw input: 
