[26-Apr-2025 07:52:57 Europe/Berlin] Fetching emergency requests from database
[26-Apr-2025 07:52:57 Europe/Berlin] Preparing SQL query: 
        SELECT 
            id,
            name,
            phone,
            location,
            issue,
            urgency,
            status,
            created_at,
            updated_at
        FROM emergency_requests
        ORDER BY 
            CASE 
                WHEN status = 'pending' THEN 1
                WHEN status = 'in_progress' THEN 2
                WHEN status = 'completed' THEN 3
                WHEN status = 'cancelled' THEN 4
                ELSE 5
            END,
            created_at DESC
    
[26-Apr-2025 07:52:57 Europe/Berlin] Executing query
[26-Apr-2025 07:52:57 Europe/Berlin] Query executed successfully, processing results
[26-Apr-2025 07:52:57 Europe/Berlin] Processed 4 emergency requests
[26-Apr-2025 07:52:59 Europe/Berlin] Fetching emergency requests from database
[26-Apr-2025 07:52:59 Europe/Berlin] Preparing SQL query: 
        SELECT 
            id,
            name,
            phone,
            location,
            issue,
            urgency,
            status,
            created_at,
            updated_at
        FROM emergency_requests
        ORDER BY 
            CASE 
                WHEN status = 'pending' THEN 1
                WHEN status = 'in_progress' THEN 2
                WHEN status = 'completed' THEN 3
                WHEN status = 'cancelled' THEN 4
                ELSE 5
            END,
            created_at DESC
    
[26-Apr-2025 07:52:59 Europe/Berlin] Executing query
[26-Apr-2025 07:52:59 Europe/Berlin] Query executed successfully, processing results
[26-Apr-2025 07:52:59 Europe/Berlin] Processed 4 emergency requests
[26-Apr-2025 07:53:05 Europe/Berlin] Fetching emergency requests from database
[26-Apr-2025 07:53:05 Europe/Berlin] Preparing SQL query: 
        SELECT 
            id,
            name,
            phone,
            location,
            issue,
            urgency,
            status,
            created_at,
            updated_at
        FROM emergency_requests
        ORDER BY 
            CASE 
                WHEN status = 'pending' THEN 1
                WHEN status = 'in_progress' THEN 2
                WHEN status = 'completed' THEN 3
                WHEN status = 'cancelled' THEN 4
                ELSE 5
            END,
            created_at DESC
    
[26-Apr-2025 07:53:05 Europe/Berlin] Executing query
[26-Apr-2025 07:53:05 Europe/Berlin] Query executed successfully, processing results
[26-Apr-2025 07:53:05 Europe/Berlin] Processed 4 emergency requests
[26-Apr-2025 07:53:06 Europe/Berlin] Fetching emergency requests from database
[26-Apr-2025 07:53:06 Europe/Berlin] Preparing SQL query: 
        SELECT 
            id,
            name,
            phone,
            location,
            issue,
            urgency,
            status,
            created_at,
            updated_at
        FROM emergency_requests
        ORDER BY 
            CASE 
                WHEN status = 'pending' THEN 1
                WHEN status = 'in_progress' THEN 2
                WHEN status = 'completed' THEN 3
                WHEN status = 'cancelled' THEN 4
                ELSE 5
            END,
            created_at DESC
    
[26-Apr-2025 07:53:06 Europe/Berlin] Executing query
[26-Apr-2025 07:53:06 Europe/Berlin] Query executed successfully, processing results
[26-Apr-2025 07:53:06 Europe/Berlin] Processed 4 emergency requests
[26-Apr-2025 07:53:17 Europe/Berlin] Fetching emergency requests from database
[26-Apr-2025 07:53:17 Europe/Berlin] Preparing SQL query: 
        SELECT 
            id,
            name,
            phone,
            location,
            issue,
            urgency,
            status,
            created_at,
            updated_at
        FROM emergency_requests
        ORDER BY 
            CASE 
                WHEN status = 'pending' THEN 1
                WHEN status = 'in_progress' THEN 2
                WHEN status = 'completed' THEN 3
                WHEN status = 'cancelled' THEN 4
                ELSE 5
            END,
            created_at DESC
    
[26-Apr-2025 07:53:17 Europe/Berlin] Executing query
[26-Apr-2025 07:53:17 Europe/Berlin] Query executed successfully, processing results
[26-Apr-2025 07:53:17 Europe/Berlin] Processed 4 emergency requests
[26-Apr-2025 07:53:21 Europe/Berlin] Fetching emergency requests from database
[26-Apr-2025 07:53:21 Europe/Berlin] Preparing SQL query: 
        SELECT 
            id,
            name,
            phone,
            location,
            issue,
            urgency,
            status,
            created_at,
            updated_at
        FROM emergency_requests
        ORDER BY 
            CASE 
                WHEN status = 'pending' THEN 1
                WHEN status = 'in_progress' THEN 2
                WHEN status = 'completed' THEN 3
                WHEN status = 'cancelled' THEN 4
                ELSE 5
            END,
            created_at DESC
    
[26-Apr-2025 07:53:21 Europe/Berlin] Executing query
[26-Apr-2025 07:53:21 Europe/Berlin] Query executed successfully, processing results
[26-Apr-2025 07:53:21 Europe/Berlin] Processed 4 emergency requests
[26-Apr-2025 07:53:26 Europe/Berlin] Fetching emergency requests from database
[26-Apr-2025 07:53:26 Europe/Berlin] Preparing SQL query: 
        SELECT 
            id,
            name,
            phone,
            location,
            issue,
            urgency,
            status,
            created_at,
            updated_at
        FROM emergency_requests
        ORDER BY 
            CASE 
                WHEN status = 'pending' THEN 1
                WHEN status = 'in_progress' THEN 2
                WHEN status = 'completed' THEN 3
                WHEN status = 'cancelled' THEN 4
                ELSE 5
            END,
            created_at DESC
    
[26-Apr-2025 07:53:26 Europe/Berlin] Executing query
[26-Apr-2025 07:53:26 Europe/Berlin] Query executed successfully, processing results
[26-Apr-2025 07:53:26 Europe/Berlin] Processed 4 emergency requests
[26-Apr-2025 08:00:58 Europe/Berlin] Fetching emergency requests from database
[26-Apr-2025 08:00:58 Europe/Berlin] Preparing SQL query: 
        SELECT 
            id,
            name,
            phone,
            location,
            issue,
            urgency,
            status,
            created_at,
            updated_at
        FROM emergency_requests
        ORDER BY 
            CASE 
                WHEN status = 'pending' THEN 1
                WHEN status = 'in_progress' THEN 2
                WHEN status = 'completed' THEN 3
                WHEN status = 'cancelled' THEN 4
                ELSE 5
            END,
            created_at DESC
    
[26-Apr-2025 08:00:58 Europe/Berlin] Executing query
[26-Apr-2025 08:00:58 Europe/Berlin] Query executed successfully, processing results
[26-Apr-2025 08:00:58 Europe/Berlin] Processed 4 emergency requests
[26-Apr-2025 08:01:15 Europe/Berlin] Fetching emergency requests from database
[26-Apr-2025 08:01:15 Europe/Berlin] Preparing SQL query: 
        SELECT 
            id,
            name,
            phone,
            location,
            issue,
            urgency,
            status,
            created_at,
            updated_at
        FROM emergency_requests
        ORDER BY 
            CASE 
                WHEN status = 'pending' THEN 1
                WHEN status = 'in_progress' THEN 2
                WHEN status = 'completed' THEN 3
                WHEN status = 'cancelled' THEN 4
                ELSE 5
            END,
            created_at DESC
    
[26-Apr-2025 08:01:15 Europe/Berlin] Executing query
[26-Apr-2025 08:01:15 Europe/Berlin] Query executed successfully, processing results
[26-Apr-2025 08:01:15 Europe/Berlin] Processed 4 emergency requests
[26-Apr-2025 09:33:21 Europe/Berlin] Fetching emergency requests from database
[26-Apr-2025 09:33:21 Europe/Berlin] Preparing SQL query: 
        SELECT 
            id,
            name,
            phone,
            location,
            issue,
            urgency,
            status,
            created_at,
            updated_at
        FROM emergency_requests
        ORDER BY 
            CASE 
                WHEN status = 'pending' THEN 1
                WHEN status = 'in_progress' THEN 2
                WHEN status = 'completed' THEN 3
                WHEN status = 'cancelled' THEN 4
                ELSE 5
            END,
            created_at DESC
    
[26-Apr-2025 09:33:21 Europe/Berlin] Executing query
[26-Apr-2025 09:33:21 Europe/Berlin] Query executed successfully, processing results
[26-Apr-2025 09:33:21 Europe/Berlin] Processed 5 emergency requests
[27-Apr-2025 19:44:15 Europe/Berlin] Fetching emergency requests from database
[27-Apr-2025 19:44:15 Europe/Berlin] Preparing SQL query: 
        SELECT 
            id,
            name,
            phone,
            location,
            issue,
            urgency,
            status,
            created_at,
            updated_at
        FROM emergency_requests
        ORDER BY 
            CASE 
                WHEN status = 'pending' THEN 1
                WHEN status = 'in_progress' THEN 2
                WHEN status = 'completed' THEN 3
                WHEN status = 'cancelled' THEN 4
                ELSE 5
            END,
            created_at DESC
    
[27-Apr-2025 19:44:15 Europe/Berlin] Executing query
[27-Apr-2025 19:44:15 Europe/Berlin] Query executed successfully, processing results
[27-Apr-2025 19:44:15 Europe/Berlin] Processed 5 emergency requests
[27-Apr-2025 19:44:29 Europe/Berlin] Fetching emergency requests from database
[27-Apr-2025 19:44:29 Europe/Berlin] Preparing SQL query: 
        SELECT 
            id,
            name,
            phone,
            location,
            issue,
            urgency,
            status,
            created_at,
            updated_at
        FROM emergency_requests
        ORDER BY 
            CASE 
                WHEN status = 'pending' THEN 1
                WHEN status = 'in_progress' THEN 2
                WHEN status = 'completed' THEN 3
                WHEN status = 'cancelled' THEN 4
                ELSE 5
            END,
            created_at DESC
    
[27-Apr-2025 19:44:29 Europe/Berlin] Executing query
[27-Apr-2025 19:44:29 Europe/Berlin] Query executed successfully, processing results
[27-Apr-2025 19:44:29 Europe/Berlin] Processed 5 emergency requests
[27-Apr-2025 19:44:49 Europe/Berlin] Fetching emergency requests from database
[27-Apr-2025 19:44:49 Europe/Berlin] Preparing SQL query: 
        SELECT 
            id,
            name,
            phone,
            location,
            issue,
            urgency,
            status,
            created_at,
            updated_at
        FROM emergency_requests
        ORDER BY 
            CASE 
                WHEN status = 'pending' THEN 1
                WHEN status = 'in_progress' THEN 2
                WHEN status = 'completed' THEN 3
                WHEN status = 'cancelled' THEN 4
                ELSE 5
            END,
            created_at DESC
    
[27-Apr-2025 19:44:49 Europe/Berlin] Executing query
[27-Apr-2025 19:44:49 Europe/Berlin] Query executed successfully, processing results
[27-Apr-2025 19:44:49 Europe/Berlin] Processed 5 emergency requests
[28-Apr-2025 16:10:18 Europe/Berlin] Fetching emergency requests from database
[28-Apr-2025 16:10:18 Europe/Berlin] Preparing SQL query: 
        SELECT 
            id,
            name,
            phone,
            location,
            issue,
            urgency,
            status,
            created_at,
            updated_at
        FROM emergency_requests
        ORDER BY 
            CASE 
                WHEN status = 'pending' THEN 1
                WHEN status = 'in_progress' THEN 2
                WHEN status = 'completed' THEN 3
                WHEN status = 'cancelled' THEN 4
                ELSE 5
            END,
            created_at DESC
    
[28-Apr-2025 16:10:18 Europe/Berlin] Executing query
[28-Apr-2025 16:10:18 Europe/Berlin] Query executed successfully, processing results
[28-Apr-2025 16:10:18 Europe/Berlin] Processed 5 emergency requests
[28-Apr-2025 16:10:24 Europe/Berlin] Fetching emergency requests from database
[28-Apr-2025 16:10:24 Europe/Berlin] Preparing SQL query: 
        SELECT 
            id,
            name,
            phone,
            location,
            issue,
            urgency,
            status,
            created_at,
            updated_at
        FROM emergency_requests
        ORDER BY 
            CASE 
                WHEN status = 'pending' THEN 1
                WHEN status = 'in_progress' THEN 2
                WHEN status = 'completed' THEN 3
                WHEN status = 'cancelled' THEN 4
                ELSE 5
            END,
            created_at DESC
    
[28-Apr-2025 16:10:24 Europe/Berlin] Executing query
[28-Apr-2025 16:10:24 Europe/Berlin] Query executed successfully, processing results
[28-Apr-2025 16:10:24 Europe/Berlin] Processed 5 emergency requests
[28-Apr-2025 16:11:47 Europe/Berlin] Fetching emergency requests from database
[28-Apr-2025 16:11:47 Europe/Berlin] Preparing SQL query: 
        SELECT 
            id,
            name,
            phone,
            location,
            issue,
            urgency,
            status,
            created_at,
            updated_at
        FROM emergency_requests
        ORDER BY 
            CASE 
                WHEN status = 'pending' THEN 1
                WHEN status = 'in_progress' THEN 2
                WHEN status = 'completed' THEN 3
                WHEN status = 'cancelled' THEN 4
                ELSE 5
            END,
            created_at DESC
    
[28-Apr-2025 16:11:47 Europe/Berlin] Executing query
[28-Apr-2025 16:11:47 Europe/Berlin] Query executed successfully, processing results
[28-Apr-2025 16:11:47 Europe/Berlin] Processed 5 emergency requests
[28-Apr-2025 16:11:49 Europe/Berlin] Fetching emergency requests from database
[28-Apr-2025 16:11:49 Europe/Berlin] Preparing SQL query: 
        SELECT 
            id,
            name,
            phone,
            location,
            issue,
            urgency,
            status,
            created_at,
            updated_at
        FROM emergency_requests
        ORDER BY 
            CASE 
                WHEN status = 'pending' THEN 1
                WHEN status = 'in_progress' THEN 2
                WHEN status = 'completed' THEN 3
                WHEN status = 'cancelled' THEN 4
                ELSE 5
            END,
            created_at DESC
    
[28-Apr-2025 16:11:49 Europe/Berlin] Executing query
[28-Apr-2025 16:11:49 Europe/Berlin] Query executed successfully, processing results
[28-Apr-2025 16:11:49 Europe/Berlin] Processed 5 emergency requests
[28-Apr-2025 16:11:49 Europe/Berlin] Fetching emergency requests from database
[28-Apr-2025 16:11:49 Europe/Berlin] Preparing SQL query: 
        SELECT 
            id,
            name,
            phone,
            location,
            issue,
            urgency,
            status,
            created_at,
            updated_at
        FROM emergency_requests
        ORDER BY 
            CASE 
                WHEN status = 'pending' THEN 1
                WHEN status = 'in_progress' THEN 2
                WHEN status = 'completed' THEN 3
                WHEN status = 'cancelled' THEN 4
                ELSE 5
            END,
            created_at DESC
    
[28-Apr-2025 16:11:49 Europe/Berlin] Executing query
[28-Apr-2025 16:11:49 Europe/Berlin] Query executed successfully, processing results
[28-Apr-2025 16:11:49 Europe/Berlin] Processed 5 emergency requests
[28-Apr-2025 16:12:54 Europe/Berlin] Fetching emergency requests from database
[28-Apr-2025 16:12:54 Europe/Berlin] Preparing SQL query: 
        SELECT 
            id,
            name,
            phone,
            location,
            issue,
            urgency,
            status,
            created_at,
            updated_at
        FROM emergency_requests
        ORDER BY 
            CASE 
                WHEN status = 'pending' THEN 1
                WHEN status = 'in_progress' THEN 2
                WHEN status = 'completed' THEN 3
                WHEN status = 'cancelled' THEN 4
                ELSE 5
            END,
            created_at DESC
    
[28-Apr-2025 16:12:54 Europe/Berlin] Executing query
[28-Apr-2025 16:12:54 Europe/Berlin] Query executed successfully, processing results
[28-Apr-2025 16:12:54 Europe/Berlin] Processed 6 emergency requests
[28-Apr-2025 16:12:57 Europe/Berlin] Fetching emergency requests from database
[28-Apr-2025 16:12:57 Europe/Berlin] Preparing SQL query: 
        SELECT 
            id,
            name,
            phone,
            location,
            issue,
            urgency,
            status,
            created_at,
            updated_at
        FROM emergency_requests
        ORDER BY 
            CASE 
                WHEN status = 'pending' THEN 1
                WHEN status = 'in_progress' THEN 2
                WHEN status = 'completed' THEN 3
                WHEN status = 'cancelled' THEN 4
                ELSE 5
            END,
            created_at DESC
    
[28-Apr-2025 16:12:57 Europe/Berlin] Executing query
[28-Apr-2025 16:12:57 Europe/Berlin] Query executed successfully, processing results
[28-Apr-2025 16:12:57 Europe/Berlin] Processed 6 emergency requests
[28-Apr-2025 16:13:04 Europe/Berlin] Fetching emergency requests from database
[28-Apr-2025 16:13:04 Europe/Berlin] Preparing SQL query: 
        SELECT 
            id,
            name,
            phone,
            location,
            issue,
            urgency,
            status,
            created_at,
            updated_at
        FROM emergency_requests
        ORDER BY 
            CASE 
                WHEN status = 'pending' THEN 1
                WHEN status = 'in_progress' THEN 2
                WHEN status = 'completed' THEN 3
                WHEN status = 'cancelled' THEN 4
                ELSE 5
            END,
            created_at DESC
    
[28-Apr-2025 16:13:04 Europe/Berlin] Executing query
[28-Apr-2025 16:13:04 Europe/Berlin] Query executed successfully, processing results
[28-Apr-2025 16:13:04 Europe/Berlin] Processed 6 emergency requests
[28-Apr-2025 16:13:16 Europe/Berlin] Fetching emergency requests from database
[28-Apr-2025 16:13:16 Europe/Berlin] Preparing SQL query: 
        SELECT 
            id,
            name,
            phone,
            location,
            issue,
            urgency,
            status,
            created_at,
            updated_at
        FROM emergency_requests
        ORDER BY 
            CASE 
                WHEN status = 'pending' THEN 1
                WHEN status = 'in_progress' THEN 2
                WHEN status = 'completed' THEN 3
                WHEN status = 'cancelled' THEN 4
                ELSE 5
            END,
            created_at DESC
    
[28-Apr-2025 16:13:16 Europe/Berlin] Executing query
[28-Apr-2025 16:13:16 Europe/Berlin] Query executed successfully, processing results
[28-Apr-2025 16:13:16 Europe/Berlin] Processed 6 emergency requests
[28-Apr-2025 16:14:41 Europe/Berlin] Fetching emergency requests from database
[28-Apr-2025 16:14:41 Europe/Berlin] Preparing SQL query: 
        SELECT 
            id,
            name,
            phone,
            location,
            issue,
            urgency,
            status,
            created_at,
            updated_at
        FROM emergency_requests
        ORDER BY 
            CASE 
                WHEN status = 'pending' THEN 1
                WHEN status = 'in_progress' THEN 2
                WHEN status = 'completed' THEN 3
                WHEN status = 'cancelled' THEN 4
                ELSE 5
            END,
            created_at DESC
    
[28-Apr-2025 16:14:41 Europe/Berlin] Executing query
[28-Apr-2025 16:14:41 Europe/Berlin] Query executed successfully, processing results
[28-Apr-2025 16:14:41 Europe/Berlin] Processed 6 emergency requests
[28-Apr-2025 16:14:43 Europe/Berlin] Fetching emergency requests from database
[28-Apr-2025 16:14:43 Europe/Berlin] Preparing SQL query: 
        SELECT 
            id,
            name,
            phone,
            location,
            issue,
            urgency,
            status,
            created_at,
            updated_at
        FROM emergency_requests
        ORDER BY 
            CASE 
                WHEN status = 'pending' THEN 1
                WHEN status = 'in_progress' THEN 2
                WHEN status = 'completed' THEN 3
                WHEN status = 'cancelled' THEN 4
                ELSE 5
            END,
            created_at DESC
    
[28-Apr-2025 16:14:43 Europe/Berlin] Executing query
[28-Apr-2025 16:14:43 Europe/Berlin] Query executed successfully, processing results
[28-Apr-2025 16:14:43 Europe/Berlin] Processed 6 emergency requests
[28-Apr-2025 16:15:45 Europe/Berlin] Fetching emergency requests from database
[28-Apr-2025 16:15:45 Europe/Berlin] Preparing SQL query: 
        SELECT 
            id,
            name,
            phone,
            location,
            issue,
            urgency,
            status,
            created_at,
            updated_at
        FROM emergency_requests
        ORDER BY 
            CASE 
                WHEN status = 'pending' THEN 1
                WHEN status = 'in_progress' THEN 2
                WHEN status = 'completed' THEN 3
                WHEN status = 'cancelled' THEN 4
                ELSE 5
            END,
            created_at DESC
    
[28-Apr-2025 16:15:45 Europe/Berlin] Executing query
[28-Apr-2025 16:15:45 Europe/Berlin] Query executed successfully, processing results
[28-Apr-2025 16:15:45 Europe/Berlin] Processed 6 emergency requests
[28-Apr-2025 16:15:46 Europe/Berlin] Fetching emergency requests from database
[28-Apr-2025 16:15:46 Europe/Berlin] Preparing SQL query: 
        SELECT 
            id,
            name,
            phone,
            location,
            issue,
            urgency,
            status,
            created_at,
            updated_at
        FROM emergency_requests
        ORDER BY 
            CASE 
                WHEN status = 'pending' THEN 1
                WHEN status = 'in_progress' THEN 2
                WHEN status = 'completed' THEN 3
                WHEN status = 'cancelled' THEN 4
                ELSE 5
            END,
            created_at DESC
    
[28-Apr-2025 16:15:46 Europe/Berlin] Executing query
[28-Apr-2025 16:15:46 Europe/Berlin] Query executed successfully, processing results
[28-Apr-2025 16:15:46 Europe/Berlin] Processed 6 emergency requests
[28-Apr-2025 16:15:52 Europe/Berlin] Fetching emergency requests from database
[28-Apr-2025 16:15:52 Europe/Berlin] Preparing SQL query: 
        SELECT 
            id,
            name,
            phone,
            location,
            issue,
            urgency,
            status,
            created_at,
            updated_at
        FROM emergency_requests
        ORDER BY 
            CASE 
                WHEN status = 'pending' THEN 1
                WHEN status = 'in_progress' THEN 2
                WHEN status = 'completed' THEN 3
                WHEN status = 'cancelled' THEN 4
                ELSE 5
            END,
            created_at DESC
    
[28-Apr-2025 16:15:52 Europe/Berlin] Executing query
[28-Apr-2025 16:15:52 Europe/Berlin] Query executed successfully, processing results
[28-Apr-2025 16:15:52 Europe/Berlin] Processed 6 emergency requests
[28-Apr-2025 16:15:52 Europe/Berlin] Fetching emergency requests from database
[28-Apr-2025 16:15:52 Europe/Berlin] Preparing SQL query: 
        SELECT 
            id,
            name,
            phone,
            location,
            issue,
            urgency,
            status,
            created_at,
            updated_at
        FROM emergency_requests
        ORDER BY 
            CASE 
                WHEN status = 'pending' THEN 1
                WHEN status = 'in_progress' THEN 2
                WHEN status = 'completed' THEN 3
                WHEN status = 'cancelled' THEN 4
                ELSE 5
            END,
            created_at DESC
    
[28-Apr-2025 16:15:52 Europe/Berlin] Executing query
[28-Apr-2025 16:15:52 Europe/Berlin] Query executed successfully, processing results
[28-Apr-2025 16:15:52 Europe/Berlin] Processed 6 emergency requests
[28-Apr-2025 16:15:58 Europe/Berlin] Fetching emergency requests from database
[28-Apr-2025 16:15:58 Europe/Berlin] Preparing SQL query: 
        SELECT 
            id,
            name,
            phone,
            location,
            issue,
            urgency,
            status,
            created_at,
            updated_at
        FROM emergency_requests
        ORDER BY 
            CASE 
                WHEN status = 'pending' THEN 1
                WHEN status = 'in_progress' THEN 2
                WHEN status = 'completed' THEN 3
                WHEN status = 'cancelled' THEN 4
                ELSE 5
            END,
            created_at DESC
    
[28-Apr-2025 16:15:58 Europe/Berlin] Executing query
[28-Apr-2025 16:15:58 Europe/Berlin] Query executed successfully, processing results
[28-Apr-2025 16:15:58 Europe/Berlin] Processed 6 emergency requests
[28-Apr-2025 16:16:00 Europe/Berlin] Fetching emergency requests from database
[28-Apr-2025 16:16:00 Europe/Berlin] Preparing SQL query: 
        SELECT 
            id,
            name,
            phone,
            location,
            issue,
            urgency,
            status,
            created_at,
            updated_at
        FROM emergency_requests
        ORDER BY 
            CASE 
                WHEN status = 'pending' THEN 1
                WHEN status = 'in_progress' THEN 2
                WHEN status = 'completed' THEN 3
                WHEN status = 'cancelled' THEN 4
                ELSE 5
            END,
            created_at DESC
    
[28-Apr-2025 16:16:00 Europe/Berlin] Executing query
[28-Apr-2025 16:16:00 Europe/Berlin] Query executed successfully, processing results
[28-Apr-2025 16:16:00 Europe/Berlin] Processed 6 emergency requests
[28-Apr-2025 16:17:21 Europe/Berlin] Fetching emergency requests from database
[28-Apr-2025 16:17:21 Europe/Berlin] Preparing SQL query: 
        SELECT 
            id,
            name,
            phone,
            location,
            issue,
            urgency,
            status,
            created_at,
            updated_at
        FROM emergency_requests
        ORDER BY 
            CASE 
                WHEN status = 'pending' THEN 1
                WHEN status = 'in_progress' THEN 2
                WHEN status = 'completed' THEN 3
                WHEN status = 'cancelled' THEN 4
                ELSE 5
            END,
            created_at DESC
    
[28-Apr-2025 16:17:21 Europe/Berlin] Executing query
[28-Apr-2025 16:17:21 Europe/Berlin] Query executed successfully, processing results
[28-Apr-2025 16:17:21 Europe/Berlin] Processed 6 emergency requests
[28-Apr-2025 16:17:22 Europe/Berlin] Fetching emergency requests from database
[28-Apr-2025 16:17:22 Europe/Berlin] Preparing SQL query: 
        SELECT 
            id,
            name,
            phone,
            location,
            issue,
            urgency,
            status,
            created_at,
            updated_at
        FROM emergency_requests
        ORDER BY 
            CASE 
                WHEN status = 'pending' THEN 1
                WHEN status = 'in_progress' THEN 2
                WHEN status = 'completed' THEN 3
                WHEN status = 'cancelled' THEN 4
                ELSE 5
            END,
            created_at DESC
    
[28-Apr-2025 16:17:22 Europe/Berlin] Executing query
[28-Apr-2025 16:17:22 Europe/Berlin] Query executed successfully, processing results
[28-Apr-2025 16:17:22 Europe/Berlin] Processed 6 emergency requests
[28-Apr-2025 16:17:27 Europe/Berlin] Fetching emergency requests from database
[28-Apr-2025 16:17:27 Europe/Berlin] Preparing SQL query: 
        SELECT 
            id,
            name,
            phone,
            location,
            issue,
            urgency,
            status,
            created_at,
            updated_at
        FROM emergency_requests
        ORDER BY 
            CASE 
                WHEN status = 'pending' THEN 1
                WHEN status = 'in_progress' THEN 2
                WHEN status = 'completed' THEN 3
                WHEN status = 'cancelled' THEN 4
                ELSE 5
            END,
            created_at DESC
    
[28-Apr-2025 16:17:27 Europe/Berlin] Executing query
[28-Apr-2025 16:17:27 Europe/Berlin] Query executed successfully, processing results
[28-Apr-2025 16:17:27 Europe/Berlin] Processed 6 emergency requests
[28-Apr-2025 16:17:39 Europe/Berlin] Fetching emergency requests from database
[28-Apr-2025 16:17:39 Europe/Berlin] Preparing SQL query: 
        SELECT 
            id,
            name,
            phone,
            location,
            issue,
            urgency,
            status,
            created_at,
            updated_at
        FROM emergency_requests
        ORDER BY 
            CASE 
                WHEN status = 'pending' THEN 1
                WHEN status = 'in_progress' THEN 2
                WHEN status = 'completed' THEN 3
                WHEN status = 'cancelled' THEN 4
                ELSE 5
            END,
            created_at DESC
    
[28-Apr-2025 16:17:39 Europe/Berlin] Executing query
[28-Apr-2025 16:17:39 Europe/Berlin] Query executed successfully, processing results
[28-Apr-2025 16:17:39 Europe/Berlin] Processed 6 emergency requests
[28-Apr-2025 16:17:41 Europe/Berlin] Fetching emergency requests from database
[28-Apr-2025 16:17:41 Europe/Berlin] Preparing SQL query: 
        SELECT 
            id,
            name,
            phone,
            location,
            issue,
            urgency,
            status,
            created_at,
            updated_at
        FROM emergency_requests
        ORDER BY 
            CASE 
                WHEN status = 'pending' THEN 1
                WHEN status = 'in_progress' THEN 2
                WHEN status = 'completed' THEN 3
                WHEN status = 'cancelled' THEN 4
                ELSE 5
            END,
            created_at DESC
    
[28-Apr-2025 16:17:41 Europe/Berlin] Executing query
[28-Apr-2025 16:17:41 Europe/Berlin] Query executed successfully, processing results
[28-Apr-2025 16:17:41 Europe/Berlin] Processed 6 emergency requests
[28-Apr-2025 16:19:20 Europe/Berlin] Fetching emergency requests from database
[28-Apr-2025 16:19:20 Europe/Berlin] Preparing SQL query: 
        SELECT 
            id,
            name,
            phone,
            location,
            issue,
            urgency,
            status,
            created_at,
            updated_at
        FROM emergency_requests
        ORDER BY 
            CASE 
                WHEN status = 'pending' THEN 1
                WHEN status = 'in_progress' THEN 2
                WHEN status = 'completed' THEN 3
                WHEN status = 'cancelled' THEN 4
                ELSE 5
            END,
            created_at DESC
    
[28-Apr-2025 16:19:20 Europe/Berlin] Executing query
[28-Apr-2025 16:19:20 Europe/Berlin] Query executed successfully, processing results
[28-Apr-2025 16:19:20 Europe/Berlin] Processed 6 emergency requests
[28-Apr-2025 16:19:21 Europe/Berlin] Fetching emergency requests from database
[28-Apr-2025 16:19:21 Europe/Berlin] Preparing SQL query: 
        SELECT 
            id,
            name,
            phone,
            location,
            issue,
            urgency,
            status,
            created_at,
            updated_at
        FROM emergency_requests
        ORDER BY 
            CASE 
                WHEN status = 'pending' THEN 1
                WHEN status = 'in_progress' THEN 2
                WHEN status = 'completed' THEN 3
                WHEN status = 'cancelled' THEN 4
                ELSE 5
            END,
            created_at DESC
    
[28-Apr-2025 16:19:21 Europe/Berlin] Executing query
[28-Apr-2025 16:19:21 Europe/Berlin] Query executed successfully, processing results
[28-Apr-2025 16:19:21 Europe/Berlin] Processed 6 emergency requests
[28-Apr-2025 16:19:49 Europe/Berlin] Fetching emergency requests from database
[28-Apr-2025 16:19:49 Europe/Berlin] Preparing SQL query: 
        SELECT 
            id,
            name,
            phone,
            location,
            issue,
            urgency,
            status,
            created_at,
            updated_at
        FROM emergency_requests
        ORDER BY 
            CASE 
                WHEN status = 'pending' THEN 1
                WHEN status = 'in_progress' THEN 2
                WHEN status = 'completed' THEN 3
                WHEN status = 'cancelled' THEN 4
                ELSE 5
            END,
            created_at DESC
    
[28-Apr-2025 16:19:49 Europe/Berlin] Executing query
[28-Apr-2025 16:19:49 Europe/Berlin] Query executed successfully, processing results
[28-Apr-2025 16:19:49 Europe/Berlin] Processed 7 emergency requests
[28-Apr-2025 16:19:52 Europe/Berlin] Fetching emergency requests from database
[28-Apr-2025 16:19:52 Europe/Berlin] Preparing SQL query: 
        SELECT 
            id,
            name,
            phone,
            location,
            issue,
            urgency,
            status,
            created_at,
            updated_at
        FROM emergency_requests
        ORDER BY 
            CASE 
                WHEN status = 'pending' THEN 1
                WHEN status = 'in_progress' THEN 2
                WHEN status = 'completed' THEN 3
                WHEN status = 'cancelled' THEN 4
                ELSE 5
            END,
            created_at DESC
    
[28-Apr-2025 16:19:52 Europe/Berlin] Executing query
[28-Apr-2025 16:19:52 Europe/Berlin] Query executed successfully, processing results
[28-Apr-2025 16:19:52 Europe/Berlin] Processed 7 emergency requests
[28-Apr-2025 16:20:02 Europe/Berlin] Fetching emergency requests from database
[28-Apr-2025 16:20:02 Europe/Berlin] Preparing SQL query: 
        SELECT 
            id,
            name,
            phone,
            location,
            issue,
            urgency,
            status,
            created_at,
            updated_at
        FROM emergency_requests
        ORDER BY 
            CASE 
                WHEN status = 'pending' THEN 1
                WHEN status = 'in_progress' THEN 2
                WHEN status = 'completed' THEN 3
                WHEN status = 'cancelled' THEN 4
                ELSE 5
            END,
            created_at DESC
    
[28-Apr-2025 16:20:02 Europe/Berlin] Executing query
[28-Apr-2025 16:20:02 Europe/Berlin] Query executed successfully, processing results
[28-Apr-2025 16:20:02 Europe/Berlin] Processed 7 emergency requests
[28-Apr-2025 16:22:17 Europe/Berlin] Fetching emergency requests from database
[28-Apr-2025 16:22:17 Europe/Berlin] Preparing SQL query: 
        SELECT 
            id,
            name,
            phone,
            location,
            issue,
            urgency,
            status,
            created_at,
            updated_at
        FROM emergency_requests
        ORDER BY 
            CASE 
                WHEN status = 'pending' THEN 1
                WHEN status = 'in_progress' THEN 2
                WHEN status = 'completed' THEN 3
                WHEN status = 'cancelled' THEN 4
                ELSE 5
            END,
            created_at DESC
    
[28-Apr-2025 16:22:17 Europe/Berlin] Executing query
[28-Apr-2025 16:22:17 Europe/Berlin] Query executed successfully, processing results
[28-Apr-2025 16:22:17 Europe/Berlin] Processed 7 emergency requests
[28-Apr-2025 16:22:18 Europe/Berlin] Fetching emergency requests from database
[28-Apr-2025 16:22:18 Europe/Berlin] Preparing SQL query: 
        SELECT 
            id,
            name,
            phone,
            location,
            issue,
            urgency,
            status,
            created_at,
            updated_at
        FROM emergency_requests
        ORDER BY 
            CASE 
                WHEN status = 'pending' THEN 1
                WHEN status = 'in_progress' THEN 2
                WHEN status = 'completed' THEN 3
                WHEN status = 'cancelled' THEN 4
                ELSE 5
            END,
            created_at DESC
    
[28-Apr-2025 16:22:18 Europe/Berlin] Executing query
[28-Apr-2025 16:22:18 Europe/Berlin] Query executed successfully, processing results
[28-Apr-2025 16:22:18 Europe/Berlin] Processed 7 emergency requests
[28-Apr-2025 16:27:38 Europe/Berlin] Fetching emergency requests from database
[28-Apr-2025 16:27:38 Europe/Berlin] Preparing SQL query: 
        SELECT 
            id,
            name,
            phone,
            location,
            issue,
            urgency,
            status,
            created_at,
            updated_at
        FROM emergency_requests
        ORDER BY 
            CASE 
                WHEN status = 'pending' THEN 1
                WHEN status = 'in_progress' THEN 2
                WHEN status = 'completed' THEN 3
                WHEN status = 'cancelled' THEN 4
                ELSE 5
            END,
            created_at DESC
    
[28-Apr-2025 16:27:38 Europe/Berlin] Executing query
[28-Apr-2025 16:27:38 Europe/Berlin] Query executed successfully, processing results
[28-Apr-2025 16:27:38 Europe/Berlin] Processed 7 emergency requests
[28-Apr-2025 16:27:39 Europe/Berlin] Fetching emergency requests from database
[28-Apr-2025 16:27:39 Europe/Berlin] Preparing SQL query: 
        SELECT 
            id,
            name,
            phone,
            location,
            issue,
            urgency,
            status,
            created_at,
            updated_at
        FROM emergency_requests
        ORDER BY 
            CASE 
                WHEN status = 'pending' THEN 1
                WHEN status = 'in_progress' THEN 2
                WHEN status = 'completed' THEN 3
                WHEN status = 'cancelled' THEN 4
                ELSE 5
            END,
            created_at DESC
    
[28-Apr-2025 16:27:39 Europe/Berlin] Executing query
[28-Apr-2025 16:27:39 Europe/Berlin] Query executed successfully, processing results
[28-Apr-2025 16:27:39 Europe/Berlin] Processed 7 emergency requests
[28-Apr-2025 16:31:16 Europe/Berlin] Fetching emergency requests from database
[28-Apr-2025 16:31:16 Europe/Berlin] Preparing SQL query: 
        SELECT 
            id,
            name,
            phone,
            location,
            issue,
            urgency,
            status,
            created_at,
            updated_at
        FROM emergency_requests
        ORDER BY 
            CASE 
                WHEN status = 'pending' THEN 1
                WHEN status = 'in_progress' THEN 2
                WHEN status = 'completed' THEN 3
                WHEN status = 'cancelled' THEN 4
                ELSE 5
            END,
            created_at DESC
    
[28-Apr-2025 16:31:16 Europe/Berlin] Executing query
[28-Apr-2025 16:31:16 Europe/Berlin] Query executed successfully, processing results
[28-Apr-2025 16:31:16 Europe/Berlin] Processed 7 emergency requests
[28-Apr-2025 16:31:46 Europe/Berlin] Fetching emergency requests from database
[28-Apr-2025 16:31:46 Europe/Berlin] Preparing SQL query: 
        SELECT 
            id,
            name,
            phone,
            location,
            issue,
            urgency,
            status,
            created_at,
            updated_at
        FROM emergency_requests
        ORDER BY 
            CASE 
                WHEN status = 'pending' THEN 1
                WHEN status = 'in_progress' THEN 2
                WHEN status = 'completed' THEN 3
                WHEN status = 'cancelled' THEN 4
                ELSE 5
            END,
            created_at DESC
    
[28-Apr-2025 16:31:46 Europe/Berlin] Executing query
[28-Apr-2025 16:31:46 Europe/Berlin] Query executed successfully, processing results
[28-Apr-2025 16:31:46 Europe/Berlin] Processed 7 emergency requests
[28-Apr-2025 16:40:12 Europe/Berlin] Fetching emergency requests from database
[28-Apr-2025 16:40:12 Europe/Berlin] Preparing SQL query: 
        SELECT 
            id,
            name,
            phone,
            location,
            issue,
            urgency,
            status,
            created_at,
            updated_at
        FROM emergency_requests
        ORDER BY 
            CASE 
                WHEN status = 'pending' THEN 1
                WHEN status = 'in_progress' THEN 2
                WHEN status = 'completed' THEN 3
                WHEN status = 'cancelled' THEN 4
                ELSE 5
            END,
            created_at DESC
    
[28-Apr-2025 16:40:12 Europe/Berlin] Executing query
[28-Apr-2025 16:40:12 Europe/Berlin] Query executed successfully, processing results
[28-Apr-2025 16:40:12 Europe/Berlin] Processed 7 emergency requests
[28-Apr-2025 16:40:56 Europe/Berlin] Fetching emergency requests from database
[28-Apr-2025 16:40:56 Europe/Berlin] Preparing SQL query: 
        SELECT 
            id,
            name,
            phone,
            location,
            issue,
            urgency,
            status,
            created_at,
            updated_at
        FROM emergency_requests
        ORDER BY 
            CASE 
                WHEN status = 'pending' THEN 1
                WHEN status = 'in_progress' THEN 2
                WHEN status = 'completed' THEN 3
                WHEN status = 'cancelled' THEN 4
                ELSE 5
            END,
            created_at DESC
    
[28-Apr-2025 16:40:56 Europe/Berlin] Executing query
[28-Apr-2025 16:40:56 Europe/Berlin] Query executed successfully, processing results
[28-Apr-2025 16:40:56 Europe/Berlin] Processed 8 emergency requests
[28-Apr-2025 16:41:14 Europe/Berlin] Fetching emergency requests from database
[28-Apr-2025 16:41:14 Europe/Berlin] Preparing SQL query: 
        SELECT 
            id,
            name,
            phone,
            location,
            issue,
            urgency,
            status,
            created_at,
            updated_at
        FROM emergency_requests
        ORDER BY 
            CASE 
                WHEN status = 'pending' THEN 1
                WHEN status = 'in_progress' THEN 2
                WHEN status = 'completed' THEN 3
                WHEN status = 'cancelled' THEN 4
                ELSE 5
            END,
            created_at DESC
    
[28-Apr-2025 16:41:14 Europe/Berlin] Executing query
[28-Apr-2025 16:41:14 Europe/Berlin] Query executed successfully, processing results
[28-Apr-2025 16:41:14 Europe/Berlin] Processed 8 emergency requests
[28-Apr-2025 16:41:22 Europe/Berlin] Fetching emergency requests from database
[28-Apr-2025 16:41:22 Europe/Berlin] Preparing SQL query: 
        SELECT 
            id,
            name,
            phone,
            location,
            issue,
            urgency,
            status,
            created_at,
            updated_at
        FROM emergency_requests
        ORDER BY 
            CASE 
                WHEN status = 'pending' THEN 1
                WHEN status = 'in_progress' THEN 2
                WHEN status = 'completed' THEN 3
                WHEN status = 'cancelled' THEN 4
                ELSE 5
            END,
            created_at DESC
    
[28-Apr-2025 16:41:22 Europe/Berlin] Executing query
[28-Apr-2025 16:41:22 Europe/Berlin] Query executed successfully, processing results
[28-Apr-2025 16:41:22 Europe/Berlin] Processed 8 emergency requests
[28-Apr-2025 16:44:32 Europe/Berlin] Fetching emergency requests from database
[28-Apr-2025 16:44:32 Europe/Berlin] Preparing SQL query: 
        SELECT 
            id,
            name,
            phone,
            location,
            issue,
            urgency,
            status,
            created_at,
            updated_at
        FROM emergency_requests
        ORDER BY 
            CASE 
                WHEN status = 'pending' THEN 1
                WHEN status = 'in_progress' THEN 2
                WHEN status = 'completed' THEN 3
                WHEN status = 'cancelled' THEN 4
                ELSE 5
            END,
            created_at DESC
    
[28-Apr-2025 16:44:32 Europe/Berlin] Executing query
[28-Apr-2025 16:44:32 Europe/Berlin] Query executed successfully, processing results
[28-Apr-2025 16:44:32 Europe/Berlin] Processed 8 emergency requests
[28-Apr-2025 16:44:33 Europe/Berlin] Fetching emergency requests from database
[28-Apr-2025 16:44:33 Europe/Berlin] Preparing SQL query: 
        SELECT 
            id,
            name,
            phone,
            location,
            issue,
            urgency,
            status,
            created_at,
            updated_at
        FROM emergency_requests
        ORDER BY 
            CASE 
                WHEN status = 'pending' THEN 1
                WHEN status = 'in_progress' THEN 2
                WHEN status = 'completed' THEN 3
                WHEN status = 'cancelled' THEN 4
                ELSE 5
            END,
            created_at DESC
    
[28-Apr-2025 16:44:33 Europe/Berlin] Executing query
[28-Apr-2025 16:44:33 Europe/Berlin] Query executed successfully, processing results
[28-Apr-2025 16:44:33 Europe/Berlin] Processed 8 emergency requests
[28-Apr-2025 16:45:43 Europe/Berlin] Fetching emergency requests from database
[28-Apr-2025 16:45:43 Europe/Berlin] Preparing SQL query: 
        SELECT 
            id,
            name,
            phone,
            location,
            issue,
            urgency,
            status,
            created_at,
            updated_at
        FROM emergency_requests
        ORDER BY 
            CASE 
                WHEN status = 'pending' THEN 1
                WHEN status = 'in_progress' THEN 2
                WHEN status = 'completed' THEN 3
                WHEN status = 'cancelled' THEN 4
                ELSE 5
            END,
            created_at DESC
    
[28-Apr-2025 16:45:43 Europe/Berlin] Executing query
[28-Apr-2025 16:45:43 Europe/Berlin] Query executed successfully, processing results
[28-Apr-2025 16:45:43 Europe/Berlin] Processed 8 emergency requests
[28-Apr-2025 16:54:46 Europe/Berlin] Fetching emergency requests from database
[28-Apr-2025 16:54:46 Europe/Berlin] Preparing SQL query: 
        SELECT 
            id,
            name,
            phone,
            location,
            issue,
            urgency,
            status,
            created_at,
            updated_at
        FROM emergency_requests
        ORDER BY 
            CASE 
                WHEN status = 'pending' THEN 1
                WHEN status = 'in_progress' THEN 2
                WHEN status = 'completed' THEN 3
                WHEN status = 'cancelled' THEN 4
                ELSE 5
            END,
            created_at DESC
    
[28-Apr-2025 16:54:46 Europe/Berlin] Executing query
[28-Apr-2025 16:54:46 Europe/Berlin] Query executed successfully, processing results
[28-Apr-2025 16:54:46 Europe/Berlin] Processed 8 emergency requests
[28-Apr-2025 16:55:06 Europe/Berlin] Fetching emergency requests from database
[28-Apr-2025 16:55:06 Europe/Berlin] Preparing SQL query: 
        SELECT 
            id,
            name,
            phone,
            location,
            issue,
            urgency,
            status,
            created_at,
            updated_at
        FROM emergency_requests
        ORDER BY 
            CASE 
                WHEN status = 'pending' THEN 1
                WHEN status = 'in_progress' THEN 2
                WHEN status = 'completed' THEN 3
                WHEN status = 'cancelled' THEN 4
                ELSE 5
            END,
            created_at DESC
    
[28-Apr-2025 16:55:06 Europe/Berlin] Executing query
[28-Apr-2025 16:55:06 Europe/Berlin] Query executed successfully, processing results
[28-Apr-2025 16:55:06 Europe/Berlin] Processed 8 emergency requests
[28-Apr-2025 16:56:05 Europe/Berlin] Fetching emergency requests from database
[28-Apr-2025 16:56:05 Europe/Berlin] Preparing SQL query: 
        SELECT 
            id,
            name,
            phone,
            location,
            issue,
            urgency,
            status,
            created_at,
            updated_at
        FROM emergency_requests
        ORDER BY 
            CASE 
                WHEN status = 'pending' THEN 1
                WHEN status = 'in_progress' THEN 2
                WHEN status = 'completed' THEN 3
                WHEN status = 'cancelled' THEN 4
                ELSE 5
            END,
            created_at DESC
    
[28-Apr-2025 16:56:05 Europe/Berlin] Executing query
[28-Apr-2025 16:56:05 Europe/Berlin] Query executed successfully, processing results
[28-Apr-2025 16:56:05 Europe/Berlin] Processed 8 emergency requests
[28-Apr-2025 17:01:02 Europe/Berlin] Fetching emergency requests from database
[28-Apr-2025 17:01:02 Europe/Berlin] Preparing SQL query: 
        SELECT 
            id,
            name,
            phone,
            location,
            issue,
            urgency,
            status,
            created_at,
            updated_at
        FROM emergency_requests
        ORDER BY 
            CASE 
                WHEN status = 'pending' THEN 1
                WHEN status = 'in_progress' THEN 2
                WHEN status = 'completed' THEN 3
                WHEN status = 'cancelled' THEN 4
                ELSE 5
            END,
            created_at DESC
    
[28-Apr-2025 17:01:02 Europe/Berlin] Executing query
[28-Apr-2025 17:01:02 Europe/Berlin] Query executed successfully, processing results
[28-Apr-2025 17:01:02 Europe/Berlin] Processed 8 emergency requests
[28-Apr-2025 17:01:11 Europe/Berlin] Fetching emergency requests from database
[28-Apr-2025 17:01:11 Europe/Berlin] Preparing SQL query: 
        SELECT 
            id,
            name,
            phone,
            location,
            issue,
            urgency,
            status,
            created_at,
            updated_at
        FROM emergency_requests
        ORDER BY 
            CASE 
                WHEN status = 'pending' THEN 1
                WHEN status = 'in_progress' THEN 2
                WHEN status = 'completed' THEN 3
                WHEN status = 'cancelled' THEN 4
                ELSE 5
            END,
            created_at DESC
    
[28-Apr-2025 17:01:11 Europe/Berlin] Executing query
[28-Apr-2025 17:01:11 Europe/Berlin] Query executed successfully, processing results
[28-Apr-2025 17:01:11 Europe/Berlin] Processed 8 emergency requests
[28-Apr-2025 17:03:56 Europe/Berlin] Fetching emergency requests from database
[28-Apr-2025 17:03:56 Europe/Berlin] Preparing SQL query: 
        SELECT 
            id,
            name,
            phone,
            location,
            issue,
            urgency,
            status,
            created_at,
            updated_at
        FROM emergency_requests
        ORDER BY 
            CASE 
                WHEN status = 'pending' THEN 1
                WHEN status = 'in_progress' THEN 2
                WHEN status = 'completed' THEN 3
                WHEN status = 'cancelled' THEN 4
                ELSE 5
            END,
            created_at DESC
    
[28-Apr-2025 17:03:56 Europe/Berlin] Executing query
[28-Apr-2025 17:03:56 Europe/Berlin] Query executed successfully, processing results
[28-Apr-2025 17:03:56 Europe/Berlin] Processed 8 emergency requests
[28-Apr-2025 17:16:39 Europe/Berlin] Fetching emergency requests from database
[28-Apr-2025 17:16:39 Europe/Berlin] Preparing SQL query: 
        SELECT 
            id,
            name,
            phone,
            location,
            issue,
            urgency,
            status,
            created_at,
            updated_at
        FROM emergency_requests
        ORDER BY 
            CASE 
                WHEN status = 'pending' THEN 1
                WHEN status = 'in_progress' THEN 2
                WHEN status = 'completed' THEN 3
                WHEN status = 'cancelled' THEN 4
                ELSE 5
            END,
            created_at DESC
    
[28-Apr-2025 17:16:39 Europe/Berlin] Executing query
[28-Apr-2025 17:16:39 Europe/Berlin] Query executed successfully, processing results
[28-Apr-2025 17:16:39 Europe/Berlin] Processed 8 emergency requests
[28-Apr-2025 17:16:40 Europe/Berlin] Fetching emergency requests from database
[28-Apr-2025 17:16:40 Europe/Berlin] Preparing SQL query: 
        SELECT 
            id,
            name,
            phone,
            location,
            issue,
            urgency,
            status,
            created_at,
            updated_at
        FROM emergency_requests
        ORDER BY 
            CASE 
                WHEN status = 'pending' THEN 1
                WHEN status = 'in_progress' THEN 2
                WHEN status = 'completed' THEN 3
                WHEN status = 'cancelled' THEN 4
                ELSE 5
            END,
            created_at DESC
    
[28-Apr-2025 17:16:40 Europe/Berlin] Executing query
[28-Apr-2025 17:16:40 Europe/Berlin] Query executed successfully, processing results
[28-Apr-2025 17:16:40 Europe/Berlin] Processed 8 emergency requests
[04-May-2025 05:53:17 Europe/Berlin] Fetching emergency requests from database
[04-May-2025 05:53:17 Europe/Berlin] Preparing SQL query: 
        SELECT 
            id,
            name,
            phone,
            location,
            issue,
            urgency,
            status,
            created_at,
            updated_at
        FROM emergency_requests
        ORDER BY 
            CASE 
                WHEN status = 'pending' THEN 1
                WHEN status = 'in_progress' THEN 2
                WHEN status = 'completed' THEN 3
                WHEN status = 'cancelled' THEN 4
                ELSE 5
            END,
            created_at DESC
    
[04-May-2025 05:53:17 Europe/Berlin] Executing query
[04-May-2025 05:53:17 Europe/Berlin] Query executed successfully, processing results
[04-May-2025 05:53:17 Europe/Berlin] Processed 8 emergency requests
[04-May-2025 06:23:32 Europe/Berlin] Fetching emergency requests from database
[04-May-2025 06:23:32 Europe/Berlin] Preparing SQL query: 
        SELECT 
            id,
            name,
            phone,
            location,
            issue,
            urgency,
            status,
            created_at,
            updated_at
        FROM emergency_requests
        ORDER BY 
            CASE 
                WHEN status = 'pending' THEN 1
                WHEN status = 'in_progress' THEN 2
                WHEN status = 'completed' THEN 3
                WHEN status = 'cancelled' THEN 4
                ELSE 5
            END,
            created_at DESC
    
[04-May-2025 06:23:32 Europe/Berlin] Executing query
[04-May-2025 06:23:32 Europe/Berlin] Query executed successfully, processing results
[04-May-2025 06:23:32 Europe/Berlin] Processed 8 emergency requests
[04-May-2025 06:26:55 Europe/Berlin] Fetching emergency requests from database
[04-May-2025 06:26:55 Europe/Berlin] Preparing SQL query: 
        SELECT 
            id,
            name,
            phone,
            location,
            issue,
            urgency,
            status,
            created_at,
            updated_at
        FROM emergency_requests
        ORDER BY 
            CASE 
                WHEN status = 'pending' THEN 1
                WHEN status = 'in_progress' THEN 2
                WHEN status = 'completed' THEN 3
                WHEN status = 'cancelled' THEN 4
                ELSE 5
            END,
            created_at DESC
    
[04-May-2025 06:26:55 Europe/Berlin] Executing query
[04-May-2025 06:26:55 Europe/Berlin] Query executed successfully, processing results
[04-May-2025 06:26:55 Europe/Berlin] Processed 8 emergency requests
[04-May-2025 07:01:52 Europe/Berlin] Fetching emergency requests from database
[04-May-2025 07:01:52 Europe/Berlin] Preparing SQL query: 
        SELECT 
            id,
            name,
            phone,
            location,
            issue,
            urgency,
            status,
            created_at,
            updated_at
        FROM emergency_requests
        ORDER BY 
            CASE 
                WHEN status = 'pending' THEN 1
                WHEN status = 'in_progress' THEN 2
                WHEN status = 'completed' THEN 3
                WHEN status = 'cancelled' THEN 4
                ELSE 5
            END,
            created_at DESC
    
[04-May-2025 07:01:52 Europe/Berlin] Executing query
[04-May-2025 07:01:52 Europe/Berlin] Query executed successfully, processing results
[04-May-2025 07:01:52 Europe/Berlin] Processed 8 emergency requests
[04-May-2025 07:03:28 Europe/Berlin] Fetching emergency requests from database
[04-May-2025 07:03:28 Europe/Berlin] Preparing SQL query: 
        SELECT 
            id,
            name,
            phone,
            location,
            issue,
            urgency,
            status,
            created_at,
            updated_at
        FROM emergency_requests
        ORDER BY 
            CASE 
                WHEN status = 'pending' THEN 1
                WHEN status = 'in_progress' THEN 2
                WHEN status = 'completed' THEN 3
                WHEN status = 'cancelled' THEN 4
                ELSE 5
            END,
            created_at DESC
    
[04-May-2025 07:03:28 Europe/Berlin] Executing query
[04-May-2025 07:03:28 Europe/Berlin] Query executed successfully, processing results
[04-May-2025 07:03:28 Europe/Berlin] Processed 8 emergency requests
[04-May-2025 07:04:56 Europe/Berlin] Fetching emergency requests from database
[04-May-2025 07:04:56 Europe/Berlin] Preparing SQL query: 
        SELECT 
            id,
            name,
            phone,
            location,
            issue,
            urgency,
            status,
            created_at,
            updated_at
        FROM emergency_requests
        ORDER BY 
            CASE 
                WHEN status = 'pending' THEN 1
                WHEN status = 'in_progress' THEN 2
                WHEN status = 'completed' THEN 3
                WHEN status = 'cancelled' THEN 4
                ELSE 5
            END,
            created_at DESC
    
[04-May-2025 07:04:56 Europe/Berlin] Executing query
[04-May-2025 07:04:56 Europe/Berlin] Query executed successfully, processing results
[04-May-2025 07:04:56 Europe/Berlin] Processed 8 emergency requests
[04-May-2025 07:06:51 Europe/Berlin] Fetching emergency requests from database
[04-May-2025 07:06:51 Europe/Berlin] Preparing SQL query: 
        SELECT 
            id,
            name,
            phone,
            location,
            issue,
            urgency,
            status,
            created_at,
            updated_at
        FROM emergency_requests
        ORDER BY 
            CASE 
                WHEN status = 'pending' THEN 1
                WHEN status = 'in_progress' THEN 2
                WHEN status = 'completed' THEN 3
                WHEN status = 'cancelled' THEN 4
                ELSE 5
            END,
            created_at DESC
    
[04-May-2025 07:06:51 Europe/Berlin] Executing query
[04-May-2025 07:06:51 Europe/Berlin] Query executed successfully, processing results
[04-May-2025 07:06:51 Europe/Berlin] Processed 8 emergency requests
[04-May-2025 07:10:50 Europe/Berlin] Fetching emergency requests from database
[04-May-2025 07:10:50 Europe/Berlin] Preparing SQL query: 
        SELECT 
            id,
            name,
            phone,
            location,
            issue,
            urgency,
            status,
            created_at,
            updated_at
        FROM emergency_requests
        ORDER BY 
            CASE 
                WHEN status = 'pending' THEN 1
                WHEN status = 'in_progress' THEN 2
                WHEN status = 'completed' THEN 3
                WHEN status = 'cancelled' THEN 4
                ELSE 5
            END,
            created_at DESC
    
[04-May-2025 07:10:50 Europe/Berlin] Executing query
[04-May-2025 07:10:50 Europe/Berlin] Query executed successfully, processing results
[04-May-2025 07:10:50 Europe/Berlin] Processed 8 emergency requests
[04-May-2025 07:12:34 Europe/Berlin] Fetching emergency requests from database
[04-May-2025 07:12:34 Europe/Berlin] Preparing SQL query: 
        SELECT 
            id,
            name,
            phone,
            location,
            issue,
            urgency,
            status,
            created_at,
            updated_at
        FROM emergency_requests
        ORDER BY 
            CASE 
                WHEN status = 'pending' THEN 1
                WHEN status = 'in_progress' THEN 2
                WHEN status = 'completed' THEN 3
                WHEN status = 'cancelled' THEN 4
                ELSE 5
            END,
            created_at DESC
    
[04-May-2025 07:12:34 Europe/Berlin] Executing query
[04-May-2025 07:12:34 Europe/Berlin] Query executed successfully, processing results
[04-May-2025 07:12:34 Europe/Berlin] Processed 8 emergency requests
[07-May-2025 16:34:25 Europe/Berlin] Fetching emergency requests from database
[07-May-2025 16:34:25 Europe/Berlin] Preparing SQL query: 
        SELECT 
            id,
            name,
            phone,
            location,
            issue,
            urgency,
            status,
            created_at,
            updated_at
        FROM emergency_requests
        ORDER BY 
            CASE 
                WHEN status = 'pending' THEN 1
                WHEN status = 'in_progress' THEN 2
                WHEN status = 'completed' THEN 3
                WHEN status = 'cancelled' THEN 4
                ELSE 5
            END,
            created_at DESC
    
[07-May-2025 16:34:25 Europe/Berlin] Executing query
[07-May-2025 16:34:25 Europe/Berlin] Query executed successfully, processing results
[07-May-2025 16:34:25 Europe/Berlin] Processed 11 emergency requests
[07-May-2025 16:45:30 Europe/Berlin] Fetching emergency requests from database
[07-May-2025 16:45:30 Europe/Berlin] Preparing SQL query: 
        SELECT 
            id,
            name,
            phone,
            location,
            issue,
            urgency,
            status,
            created_at,
            updated_at
        FROM emergency_requests
        ORDER BY 
            CASE 
                WHEN status = 'pending' THEN 1
                WHEN status = 'in_progress' THEN 2
                WHEN status = 'completed' THEN 3
                WHEN status = 'cancelled' THEN 4
                ELSE 5
            END,
            created_at DESC
    
[07-May-2025 16:45:30 Europe/Berlin] Executing query
[07-May-2025 16:45:30 Europe/Berlin] Query executed successfully, processing results
[07-May-2025 16:45:30 Europe/Berlin] Processed 11 emergency requests
[07-May-2025 16:45:54 Europe/Berlin] Fetching emergency requests from database
[07-May-2025 16:45:54 Europe/Berlin] Preparing SQL query: 
        SELECT 
            id,
            name,
            phone,
            location,
            issue,
            urgency,
            status,
            created_at,
            updated_at
        FROM emergency_requests
        ORDER BY 
            CASE 
                WHEN status = 'pending' THEN 1
                WHEN status = 'in_progress' THEN 2
                WHEN status = 'completed' THEN 3
                WHEN status = 'cancelled' THEN 4
                ELSE 5
            END,
            created_at DESC
    
[07-May-2025 16:45:54 Europe/Berlin] Executing query
[07-May-2025 16:45:54 Europe/Berlin] Query executed successfully, processing results
[07-May-2025 16:45:54 Europe/Berlin] Processed 11 emergency requests
[07-May-2025 16:46:12 Europe/Berlin] Fetching emergency requests from database
[07-May-2025 16:46:12 Europe/Berlin] Preparing SQL query: 
        SELECT 
            id,
            name,
            phone,
            location,
            issue,
            urgency,
            status,
            created_at,
            updated_at
        FROM emergency_requests
        ORDER BY 
            CASE 
                WHEN status = 'pending' THEN 1
                WHEN status = 'in_progress' THEN 2
                WHEN status = 'completed' THEN 3
                WHEN status = 'cancelled' THEN 4
                ELSE 5
            END,
            created_at DESC
    
[07-May-2025 16:46:12 Europe/Berlin] Executing query
[07-May-2025 16:46:12 Europe/Berlin] Query executed successfully, processing results
[07-May-2025 16:46:12 Europe/Berlin] Processed 11 emergency requests
[07-May-2025 16:46:46 Europe/Berlin] Fetching emergency requests from database
[07-May-2025 16:46:46 Europe/Berlin] Preparing SQL query: 
        SELECT 
            id,
            name,
            phone,
            location,
            issue,
            urgency,
            status,
            created_at,
            updated_at
        FROM emergency_requests
        ORDER BY 
            CASE 
                WHEN status = 'pending' THEN 1
                WHEN status = 'in_progress' THEN 2
                WHEN status = 'completed' THEN 3
                WHEN status = 'cancelled' THEN 4
                ELSE 5
            END,
            created_at DESC
    
[07-May-2025 16:46:46 Europe/Berlin] Executing query
[07-May-2025 16:46:46 Europe/Berlin] Query executed successfully, processing results
[07-May-2025 16:46:46 Europe/Berlin] Processed 11 emergency requests
[07-May-2025 16:48:51 Europe/Berlin] Fetching emergency requests from database
[07-May-2025 16:48:51 Europe/Berlin] Preparing SQL query: 
        SELECT 
            id,
            name,
            phone,
            location,
            issue,
            urgency,
            status,
            created_at,
            updated_at
        FROM emergency_requests
        ORDER BY 
            CASE 
                WHEN status = 'pending' THEN 1
                WHEN status = 'in_progress' THEN 2
                WHEN status = 'completed' THEN 3
                WHEN status = 'cancelled' THEN 4
                ELSE 5
            END,
            created_at DESC
    
[07-May-2025 16:48:51 Europe/Berlin] Executing query
[07-May-2025 16:48:51 Europe/Berlin] Query executed successfully, processing results
[07-May-2025 16:48:51 Europe/Berlin] Processed 11 emergency requests
[07-May-2025 16:49:59 Europe/Berlin] Fetching emergency requests from database
[07-May-2025 16:49:59 Europe/Berlin] Preparing SQL query: 
        SELECT 
            id,
            name,
            phone,
            location,
            issue,
            urgency,
            status,
            created_at,
            updated_at
        FROM emergency_requests
        ORDER BY 
            CASE 
                WHEN status = 'pending' THEN 1
                WHEN status = 'in_progress' THEN 2
                WHEN status = 'completed' THEN 3
                WHEN status = 'cancelled' THEN 4
                ELSE 5
            END,
            created_at DESC
    
[07-May-2025 16:49:59 Europe/Berlin] Executing query
[07-May-2025 16:49:59 Europe/Berlin] Query executed successfully, processing results
[07-May-2025 16:49:59 Europe/Berlin] Processed 11 emergency requests
[07-May-2025 16:51:49 Europe/Berlin] Fetching emergency requests from database
[07-May-2025 16:51:49 Europe/Berlin] Preparing SQL query: 
        SELECT 
            id,
            name,
            phone,
            location,
            issue,
            urgency,
            status,
            created_at,
            updated_at
        FROM emergency_requests
        ORDER BY 
            CASE 
                WHEN status = 'pending' THEN 1
                WHEN status = 'in_progress' THEN 2
                WHEN status = 'completed' THEN 3
                WHEN status = 'cancelled' THEN 4
                ELSE 5
            END,
            created_at DESC
    
[07-May-2025 16:51:49 Europe/Berlin] Executing query
[07-May-2025 16:51:49 Europe/Berlin] Query executed successfully, processing results
[07-May-2025 16:51:49 Europe/Berlin] Processed 11 emergency requests
[07-May-2025 16:54:21 Europe/Berlin] Fetching emergency requests from database
[07-May-2025 16:54:21 Europe/Berlin] Preparing SQL query: 
        SELECT 
            id,
            name,
            phone,
            location,
            issue,
            urgency,
            status,
            created_at,
            updated_at
        FROM emergency_requests
        ORDER BY 
            CASE 
                WHEN status = 'pending' THEN 1
                WHEN status = 'in_progress' THEN 2
                WHEN status = 'completed' THEN 3
                WHEN status = 'cancelled' THEN 4
                ELSE 5
            END,
            created_at DESC
    
[07-May-2025 16:54:21 Europe/Berlin] Executing query
[07-May-2025 16:54:21 Europe/Berlin] Query executed successfully, processing results
[07-May-2025 16:54:21 Europe/Berlin] Processed 11 emergency requests
[07-May-2025 16:55:27 Europe/Berlin] Fetching emergency requests from database
[07-May-2025 16:55:27 Europe/Berlin] Preparing SQL query: 
        SELECT 
            id,
            name,
            phone,
            location,
            issue,
            urgency,
            status,
            created_at,
            updated_at
        FROM emergency_requests
        ORDER BY 
            CASE 
                WHEN status = 'pending' THEN 1
                WHEN status = 'in_progress' THEN 2
                WHEN status = 'completed' THEN 3
                WHEN status = 'cancelled' THEN 4
                ELSE 5
            END,
            created_at DESC
    
[07-May-2025 16:55:27 Europe/Berlin] Executing query
[07-May-2025 16:55:27 Europe/Berlin] Query executed successfully, processing results
[07-May-2025 16:55:27 Europe/Berlin] Processed 11 emergency requests
[07-May-2025 16:55:53 Europe/Berlin] Fetching emergency requests from database
[07-May-2025 16:55:53 Europe/Berlin] Preparing SQL query: 
        SELECT 
            id,
            name,
            phone,
            location,
            issue,
            urgency,
            status,
            created_at,
            updated_at
        FROM emergency_requests
        ORDER BY 
            CASE 
                WHEN status = 'pending' THEN 1
                WHEN status = 'in_progress' THEN 2
                WHEN status = 'completed' THEN 3
                WHEN status = 'cancelled' THEN 4
                ELSE 5
            END,
            created_at DESC
    
[07-May-2025 16:55:53 Europe/Berlin] Executing query
[07-May-2025 16:55:53 Europe/Berlin] Query executed successfully, processing results
[07-May-2025 16:55:53 Europe/Berlin] Processed 11 emergency requests
[07-May-2025 16:56:22 Europe/Berlin] Fetching emergency requests from database
[07-May-2025 16:56:22 Europe/Berlin] Preparing SQL query: 
        SELECT 
            id,
            name,
            phone,
            location,
            issue,
            urgency,
            status,
            created_at,
            updated_at
        FROM emergency_requests
        ORDER BY 
            CASE 
                WHEN status = 'pending' THEN 1
                WHEN status = 'in_progress' THEN 2
                WHEN status = 'completed' THEN 3
                WHEN status = 'cancelled' THEN 4
                ELSE 5
            END,
            created_at DESC
    
[07-May-2025 16:56:22 Europe/Berlin] Executing query
[07-May-2025 16:56:22 Europe/Berlin] Query executed successfully, processing results
[07-May-2025 16:56:22 Europe/Berlin] Processed 11 emergency requests
[07-May-2025 17:04:25 Europe/Berlin] Fetching emergency requests from database
[07-May-2025 17:04:25 Europe/Berlin] Preparing SQL query: 
        SELECT 
            id,
            name,
            phone,
            location,
            issue,
            urgency,
            status,
            created_at,
            updated_at
        FROM emergency_requests
        ORDER BY 
            CASE 
                WHEN status = 'pending' THEN 1
                WHEN status = 'in_progress' THEN 2
                WHEN status = 'completed' THEN 3
                WHEN status = 'cancelled' THEN 4
                ELSE 5
            END,
            created_at DESC
    
[07-May-2025 17:04:25 Europe/Berlin] Executing query
[07-May-2025 17:04:25 Europe/Berlin] Query executed successfully, processing results
[07-May-2025 17:04:25 Europe/Berlin] Processed 11 emergency requests
[07-May-2025 17:06:32 Europe/Berlin] Fetching emergency requests from database
[07-May-2025 17:06:32 Europe/Berlin] Preparing SQL query: 
        SELECT 
            id,
            name,
            phone,
            location,
            issue,
            urgency,
            status,
            created_at,
            updated_at
        FROM emergency_requests
        ORDER BY 
            CASE 
                WHEN status = 'pending' THEN 1
                WHEN status = 'in_progress' THEN 2
                WHEN status = 'completed' THEN 3
                WHEN status = 'cancelled' THEN 4
                ELSE 5
            END,
            created_at DESC
    
[07-May-2025 17:06:32 Europe/Berlin] Executing query
[07-May-2025 17:06:32 Europe/Berlin] Query executed successfully, processing results
[07-May-2025 17:06:32 Europe/Berlin] Processed 11 emergency requests
[07-May-2025 17:07:23 Europe/Berlin] Fetching emergency requests from database
[07-May-2025 17:07:23 Europe/Berlin] Preparing SQL query: 
        SELECT 
            id,
            name,
            phone,
            location,
            issue,
            urgency,
            status,
            created_at,
            updated_at
        FROM emergency_requests
        ORDER BY 
            CASE 
                WHEN status = 'pending' THEN 1
                WHEN status = 'in_progress' THEN 2
                WHEN status = 'completed' THEN 3
                WHEN status = 'cancelled' THEN 4
                ELSE 5
            END,
            created_at DESC
    
[07-May-2025 17:07:23 Europe/Berlin] Executing query
[07-May-2025 17:07:23 Europe/Berlin] Query executed successfully, processing results
[07-May-2025 17:07:23 Europe/Berlin] Processed 11 emergency requests
[07-May-2025 17:07:50 Europe/Berlin] Fetching emergency requests from database
[07-May-2025 17:07:50 Europe/Berlin] Preparing SQL query: 
        SELECT 
            id,
            name,
            phone,
            location,
            issue,
            urgency,
            status,
            created_at,
            updated_at
        FROM emergency_requests
        ORDER BY 
            CASE 
                WHEN status = 'pending' THEN 1
                WHEN status = 'in_progress' THEN 2
                WHEN status = 'completed' THEN 3
                WHEN status = 'cancelled' THEN 4
                ELSE 5
            END,
            created_at DESC
    
[07-May-2025 17:07:50 Europe/Berlin] Executing query
[07-May-2025 17:07:50 Europe/Berlin] Query executed successfully, processing results
[07-May-2025 17:07:50 Europe/Berlin] Processed 11 emergency requests
[07-May-2025 17:08:15 Europe/Berlin] Fetching emergency requests from database
[07-May-2025 17:08:15 Europe/Berlin] Preparing SQL query: 
        SELECT 
            id,
            name,
            phone,
            location,
            issue,
            urgency,
            status,
            created_at,
            updated_at
        FROM emergency_requests
        ORDER BY 
            CASE 
                WHEN status = 'pending' THEN 1
                WHEN status = 'in_progress' THEN 2
                WHEN status = 'completed' THEN 3
                WHEN status = 'cancelled' THEN 4
                ELSE 5
            END,
            created_at DESC
    
[07-May-2025 17:08:15 Europe/Berlin] Executing query
[07-May-2025 17:08:15 Europe/Berlin] Query executed successfully, processing results
[07-May-2025 17:08:15 Europe/Berlin] Processed 11 emergency requests
[07-May-2025 17:08:29 Europe/Berlin] Fetching emergency requests from database
[07-May-2025 17:08:29 Europe/Berlin] Preparing SQL query: 
        SELECT 
            id,
            name,
            phone,
            location,
            issue,
            urgency,
            status,
            created_at,
            updated_at
        FROM emergency_requests
        ORDER BY 
            CASE 
                WHEN status = 'pending' THEN 1
                WHEN status = 'in_progress' THEN 2
                WHEN status = 'completed' THEN 3
                WHEN status = 'cancelled' THEN 4
                ELSE 5
            END,
            created_at DESC
    
[07-May-2025 17:08:29 Europe/Berlin] Executing query
[07-May-2025 17:08:29 Europe/Berlin] Query executed successfully, processing results
[07-May-2025 17:08:29 Europe/Berlin] Processed 11 emergency requests
[07-May-2025 17:08:52 Europe/Berlin] Fetching emergency requests from database
[07-May-2025 17:08:52 Europe/Berlin] Preparing SQL query: 
        SELECT 
            id,
            name,
            phone,
            location,
            issue,
            urgency,
            status,
            created_at,
            updated_at
        FROM emergency_requests
        ORDER BY 
            CASE 
                WHEN status = 'pending' THEN 1
                WHEN status = 'in_progress' THEN 2
                WHEN status = 'completed' THEN 3
                WHEN status = 'cancelled' THEN 4
                ELSE 5
            END,
            created_at DESC
    
[07-May-2025 17:08:52 Europe/Berlin] Executing query
[07-May-2025 17:08:52 Europe/Berlin] Query executed successfully, processing results
[07-May-2025 17:08:52 Europe/Berlin] Processed 11 emergency requests
[07-May-2025 17:09:08 Europe/Berlin] Fetching emergency requests from database
[07-May-2025 17:09:08 Europe/Berlin] Preparing SQL query: 
        SELECT 
            id,
            name,
            phone,
            location,
            issue,
            urgency,
            status,
            created_at,
            updated_at
        FROM emergency_requests
        ORDER BY 
            CASE 
                WHEN status = 'pending' THEN 1
                WHEN status = 'in_progress' THEN 2
                WHEN status = 'completed' THEN 3
                WHEN status = 'cancelled' THEN 4
                ELSE 5
            END,
            created_at DESC
    
[07-May-2025 17:09:08 Europe/Berlin] Executing query
[07-May-2025 17:09:08 Europe/Berlin] Query executed successfully, processing results
[07-May-2025 17:09:08 Europe/Berlin] Processed 11 emergency requests
[08-May-2025 05:54:33 Europe/Berlin] Fetching emergency requests from database
[08-May-2025 05:54:33 Europe/Berlin] Preparing SQL query: 
        SELECT 
            id,
            name,
            phone,
            location,
            issue,
            urgency,
            status,
            created_at,
            updated_at
        FROM emergency_requests
        ORDER BY 
            CASE 
                WHEN status = 'pending' THEN 1
                WHEN status = 'in_progress' THEN 2
                WHEN status = 'completed' THEN 3
                WHEN status = 'cancelled' THEN 4
                ELSE 5
            END,
            created_at DESC
    
[08-May-2025 05:54:33 Europe/Berlin] Executing query
[08-May-2025 05:54:33 Europe/Berlin] Query executed successfully, processing results
[08-May-2025 05:54:33 Europe/Berlin] Processed 11 emergency requests
